STAR version=2.7.10a
STAR compilation time,server,dir= :/Users/travis/build/alexdobin/travis-tests/STARcompile/source
STAR git: On branch master ; commit 51b64d4fafb7586459b8a61303e40beceeead8c0 ; diff files: 
##### Command Line:
STAR --genomeDir indexes/chr10 --readFilesIn resources/A549_0_2chr10_1.fastq.gz resources/A549_0_2chr10_2.fastq.gz --readFilesCommand zcat --outSAMtype BAM SortedByCoordinate --quantMode GeneCounts --outFileNamePrefix alignments/A549_0_2
##### Initial USER parameters from Command Line:
outFileNamePrefix                 alignments/A549_0_2
###### All USER parameters from Command Line:
genomeDir                     indexes/chr10     ~RE-DEFINED
readFilesIn                   resources/A549_0_2chr10_1.fastq.gz   resources/A549_0_2chr10_2.fastq.gz        ~RE-DEFINED
readFilesCommand              zcat        ~RE-DEFINED
outSAMtype                    BAM   SortedByCoordinate        ~RE-DEFINED
quantMode                     GeneCounts        ~RE-DEFINED
outFileNamePrefix             alignments/A549_0_2     ~RE-DEFINED
##### Finished reading parameters from all sources

##### Final user re-defined parameters-----------------:
genomeDir                         indexes/chr10
readFilesIn                       resources/A549_0_2chr10_1.fastq.gz   resources/A549_0_2chr10_2.fastq.gz   
readFilesCommand                  zcat   
outFileNamePrefix                 alignments/A549_0_2
outSAMtype                        BAM   SortedByCoordinate   
quantMode                         GeneCounts   

-------------------------------
##### Final effective command line:
STAR   --genomeDir indexes/chr10   --readFilesIn resources/A549_0_2chr10_1.fastq.gz   resources/A549_0_2chr10_2.fastq.gz      --readFilesCommand zcat      --outFileNamePrefix alignments/A549_0_2   --outSAMtype BAM   SortedByCoordinate      --quantMode GeneCounts   
----------------------------------------

Number of fastq files for each mate = 1

   Input read files for mate 1 :
-rw-r--r--@ 1 mushtaaqismail  staff  109847233 22 sep 08:47 resources/A549_0_2chr10_1.fastq.gz

   readsCommandsFile:
exec > "alignments/A549_0_2_STARtmp/tmp.fifo.read1"
echo FILE 0
zcat      "resources/A549_0_2chr10_1.fastq.gz"


   Input read files for mate 2 :
-rw-r--r--@ 1 mushtaaqismail  staff  113916367 22 sep 08:47 resources/A549_0_2chr10_2.fastq.gz

   readsCommandsFile:
exec > "alignments/A549_0_2_STARtmp/tmp.fifo.read2"
echo FILE 0
zcat      "resources/A549_0_2chr10_2.fastq.gz"

ParametersSolo: --soloCellFilterType CellRanger2.2 filtering parameters:  3000 0.99 10
WARNING: --limitBAMsortRAM=0, will use genome size as RAM limit for BAM sorting
Finished loading and checking parameters
Reading genome generation parameters:
### STAR   --runMode genomeGenerate      --genomeDir indexes/chr10   --genomeFastaFiles annotations/Homo_sapiens.GRCh38.dna.chromosome.10.fa      --outFileNamePrefix chr10   --sjdbGTFfile annotations/gencode.v29.annotation_chr10.gtf   --sjdbOverhang 50
### GstrandBit=32
versionGenome                 2.7.4a     ~RE-DEFINED
genomeType                    Full     ~RE-DEFINED
genomeFastaFiles              annotations/Homo_sapiens.GRCh38.dna.chromosome.10.fa        ~RE-DEFINED
genomeSAindexNbases           14     ~RE-DEFINED
genomeChrBinNbits             18     ~RE-DEFINED
genomeSAsparseD               1     ~RE-DEFINED
genomeTransformType           None     ~RE-DEFINED
genomeTransformVCF            -     ~RE-DEFINED
sjdbOverhang                  50     ~RE-DEFINED
sjdbFileChrStartEnd           -        ~RE-DEFINED
sjdbGTFfile                   annotations/gencode.v29.annotation_chr10.gtf     ~RE-DEFINED
sjdbGTFchrPrefix              -     ~RE-DEFINED
sjdbGTFfeatureExon            exon     ~RE-DEFINED
sjdbGTFtagExonParentTranscripttranscript_id     ~RE-DEFINED
sjdbGTFtagExonParentGene      gene_id     ~RE-DEFINED
sjdbInsertSave                Basic     ~RE-DEFINED
genomeFileSizes               135357464   1110870440        ~RE-DEFINED
Genome version is compatible with current STAR
Number of real (reference) chromosomes= 1
1	chr10	133797422	0
--sjdbOverhang = 50 taken from the generated genome
Started loading the genome: Thu Sep 22 11:09:56 2022

Genome: size given as a parameter = 135357464
SA: size given as a parameter = 1110870440
SAindex: size given as a parameter = 1
Read from SAindex: pGe.gSAindexNbases=14  nSAi=357913940
nGenome=135357464;  nSAbyte=1110870440
GstrandBit=32   SA number of indices=269301924
Shared memory is not used for genomes. Allocated a private copy of the genome.
Genome file size: 135357464 bytes; state: good=1 eof=0 fail=0 bad=0
Loading Genome ... done! state: good=1 eof=0 fail=0 bad=0; loaded 135357464 bytes
SA file size: 1110870440 bytes; state: good=1 eof=0 fail=0 bad=0
Loading SA ... done! state: good=1 eof=0 fail=0 bad=0; loaded 1110870440 bytes
Loading SAindex ... done: 1565873619 bytes
Finished loading the genome: Thu Sep 22 11:10:00 2022

Sum of all Genome bytes: 205242297
Sum of all SA bytes: 119988484304
Sum of all SAi bytes: 166546191985
Processing splice junctions database sjdbN=13880,   pGe.sjdbOverhang=50 
alignIntronMax=alignMatesGapMax=0, the max intron size will be approximately determined by (2^winBinNbits)*winAnchorDistNbins=589824
Starting to map file # 0
mate 1:   resources/A549_0_2chr10_1.fastq.gz
mate 2:   resources/A549_0_2chr10_2.fastq.gz
Thread #0 end of input stream, nextChar=-1
Completed: thread #0
Sep 22 11:10:04 ..... started sorting BAM
Max memory needed for sorting = 0
WARNING: nothing to sort - no output alignments
ALL DONE!
